00000000000i[     ] Bochs x86 Emulator 2.3.5
00000000000i[     ]   Build from CVS snapshot, on September 16, 2007
00000000000i[     ] System configuration
00000000000i[     ]   processors: 1 (cores=1, HT threads=1)
00000000000i[     ]   A20 line support: yes
00000000000i[     ]   APIC support: no
00000000000i[     ] CPU configuration
00000000000i[     ]   level: 5
00000000000i[     ]   TLB enabled: yes
00000000000i[     ]   SMP support: no
00000000000i[     ]   FPU support: yes
00000000000i[     ]   MMX support: yes
00000000000i[     ]   SSE support: no
00000000000i[     ]   CLFLUSH support: no
00000000000i[     ]   v8086 mode support: yes
00000000000i[     ]   VME support: yes
00000000000i[     ]   3dnow! support: no
00000000000i[     ]   PAE support: no
00000000000i[     ]   PGE support: no
00000000000i[     ]   PSE support: yes
00000000000i[     ]   x86-64 support: no
00000000000i[     ]   SEP support: no
00000000000i[     ] Optimization configuration
00000000000i[     ]   Guest2HostTLB support: no
00000000000i[     ]   RepeatSpeedups support: no
00000000000i[     ]   Icache support: no
00000000000i[     ]   Host Asm support: yes
00000000000i[     ]   Fast function calls: no
00000000000i[     ] Devices configuration
00000000000i[     ]   NE2000 support: no
00000000000i[     ]   PCI support: no
00000000000i[     ]   SB16 support: no
00000000000i[     ]   USB support: no
00000000000i[     ]   VGA extension support: vbe 
00000000000i[MEM0 ] allocated memory at 0x7fa502532010. after alignment, vector=0x7fa502533000
00000000000i[MEM0 ] 32.00MB
00000000000i[MEM0 ] rom at 0xfffe0000/131072 ('/usr/local/share/bochs/BIOS-bochs-latest')
00000000000i[MEM0 ] rom at 0xc0000/38400 ('/usr/local/share/bochs/VGABIOS-lgpl-latest')
00000000000i[CMOS ] Using local time for initial clock
00000000000i[CMOS ] Setting initial clock to: Fri Dec  2 16:44:52 2016 (time0=1480668292)
00000000000i[DMA  ] channel 4 used by cascade
00000000000i[DMA  ] channel 2 used by Floppy Drive
00000000000i[FDD  ] fd0: 'freedos.img' ro=0, h=2,t=80,spt=18
00000000000i[FDD  ] fd1: 'fd.img' ro=0, h=2,t=80,spt=18
00000000000i[MEM0 ] Register memory access handlers: 000a0000-000bffff
00000000000i[XGUI ] test_alloc_colors: 16 colors available out of 16 colors tried
00000000000i[XGUI ] font 8 wide x 16 high, display depth = 24
00000000000i[VGA  ] interval=40000
00000000000i[MEM0 ] Register memory access handlers: e0000000-e07fffff
00000000000i[VGA  ] VBE Bochs Display Extension Enabled
00000000000i[     ] init_mem of 'harddrv' plugin device by virtual method
00000000000i[     ] init_mem of 'keyboard' plugin device by virtual method
00000000000i[     ] init_mem of 'serial' plugin device by virtual method
00000000000i[     ] init_mem of 'parallel' plugin device by virtual method
00000000000i[     ] init_mem of 'extfpuirq' plugin device by virtual method
00000000000i[     ] init_mem of 'speaker' plugin device by virtual method
00000000000i[     ] init_dev of 'harddrv' plugin device by virtual method
00000000000i[HD   ] Using boot sequence floppy, none, none
00000000000i[HD   ] Floppy boot signature check is enabled
00000000000i[     ] init_dev of 'keyboard' plugin device by virtual method
00000000000i[KBD  ] will paste characters every 1000 keyboard ticks
00000000000i[     ] init_dev of 'serial' plugin device by virtual method
00000000000i[SER  ] com1 at 0x03f8 irq 4
00000000000i[     ] init_dev of 'parallel' plugin device by virtual method
00000000000i[PAR  ] parallel port 1 at 0x0378 irq 7
00000000000i[     ] init_dev of 'extfpuirq' plugin device by virtual method
00000000000i[     ] init_dev of 'speaker' plugin device by virtual method
00000000000i[SPEAK] Failed to open /dev/console: Resource temporarily unavailable
00000000000i[SPEAK] Deactivating beep on console
00000000000i[     ] register state of 'harddrv' plugin device by virtual method
00000000000i[     ] register state of 'keyboard' plugin device by virtual method
00000000000i[     ] register state of 'serial' plugin device by virtual method
00000000000i[     ] register state of 'parallel' plugin device by virtual method
00000000000i[     ] register state of 'extfpuirq' plugin device by virtual method
00000000000i[     ] register state of 'speaker' plugin device by virtual method
00000000000i[SYS  ] bx_pc_system_c::Reset(HARDWARE) called
00000000000i[     ] reset of 'harddrv' plugin device by virtual method
00000000000i[     ] reset of 'keyboard' plugin device by virtual method
00000000000i[     ] reset of 'serial' plugin device by virtual method
00000000000i[     ] reset of 'parallel' plugin device by virtual method
00000000000i[     ] reset of 'extfpuirq' plugin device by virtual method
00000000000i[     ] reset of 'speaker' plugin device by virtual method
00000000000i[XGUI ] [x] Mouse off
00000000000i[     ] set SIGINT handler to bx_debug_ctrlc_handler
00000003569i[BIOS ] $Revision: 1.183 $ $Date: 2007/09/10 20:00:29 $
00000080000e[VGA  ] character height = 1, skipping text update
00000160000e[VGA  ] character height = 1, skipping text update
00000240000e[VGA  ] character height = 1, skipping text update
00000318068i[KBD  ] reset-disable command received
00000320000e[VGA  ] character height = 1, skipping text update
00000352748i[BIOS ] Starting rombios32
00000353571i[BIOS ] ram_size=0x02000000
00000354180i[BIOS ] Found 1 cpu(s)
00000400000e[VGA  ] character height = 1, skipping text update
00000480000e[VGA  ] character height = 1, skipping text update
00000560000e[VGA  ] character height = 1, skipping text update
00000640000e[VGA  ] character height = 1, skipping text update
00000641453i[VBIOS] VGABios $Id: vgabios.c,v 1.66 2006/07/10 07:47:51 vruppert Exp $
00000641524i[VGA  ] VBE known Display Interface b0c0
00000641556i[VGA  ] VBE known Display Interface b0c4
00000644481i[VBIOS] VBE Bios $Id: vbe.c,v 1.58 2006/08/19 09:39:43 vruppert Exp $
00000720000i[XGUI ] charmap update. Font Height is 16
00000800000i[XGUI ] charmap update. Font Height is 16
00001088727i[BIOS ] Booting from 0000:7C00
00005114527i[BIOS ] int13_harddisk: function 00, unmapped device for ELDL=80
00005119781i[BIOS ] int13_harddisk: function 08, unmapped device for ELDL=80
02854834963i[     ] Ctrl-C detected in signal handler.
02854836000i[KBD  ] internal keyboard buffer full, ignoring scancode.(51)
02854836000i[KBD  ] internal keyboard buffer full, ignoring scancode.(d1)
02854836000i[KBD  ] internal keyboard buffer full, ignoring scancode.(e0)
02854836000i[KBD  ] internal keyboard buffer full, ignoring scancode.(9c)
02854836000i[KBD  ] internal keyboard buffer full, ignoring scancode.(e0)
02854836000i[KBD  ] internal keyboard buffer full, ignoring scancode.(1c)
02854836000i[KBD  ] internal keyboard buffer full, ignoring scancode.(e0)
02854836000i[KBD  ] internal keyboard buffer full, ignoring scancode.(9c)
02854836000i[KBD  ] internal keyboard buffer full, ignoring scancode.(e0)
02854836000i[KBD  ] internal keyboard buffer full, ignoring scancode.(1c)
02854836000i[KBD  ] internal keyboard buffer full, ignoring scancode.(e0)
02854836000i[KBD  ] internal keyboard buffer full, ignoring scancode.(9c)
02909294792i[     ] Ctrl-C detected in signal handler.
02909294793i[     ] dbg: Quit
02909294793i[CPU  ] protected mode
02909294793i[CPU  ] CS.d_b = 32 bit
02909294793i[CPU  ] SS.d_b = 16 bit
02909294793i[CPU  ] | EAX=00000c50  EBX=00000000  ECX=00000000  EDX=00000000
02909294793i[CPU  ] | ESP=00000100  EBP=00000000  ESI=ffff0000  EDI=0000077e
02909294793i[CPU  ] | IOPL=0 id vip vif ac vm rf nt of df if tf sf zf af PF cf
02909294793i[CPU  ] | SEG selector     base    limit G D
02909294793i[CPU  ] | SEG sltr(index|ti|rpl)     base    limit G D
02909294793i[CPU  ] |  CS:0008( 0001| 0|  0) 000323c0 00000014 0 1
02909294793i[CPU  ] |  DS:3224( 0005| 0|  0) 00032240 0000ffff 0 0
02909294793i[CPU  ] |  SS:3224( 0005| 0|  0) 00032240 0000ffff 0 0
02909294793i[CPU  ] |  ES:3224( 0005| 0|  0) 00032240 0000ffff 0 0
02909294793i[CPU  ] |  FS:0000( 0005| 0|  0) 00000000 0000ffff 0 0
02909294793i[CPU  ] |  GS:0010( 0002| 0|  0) 000b8000 0000ffff 0 0
02909294793i[CPU  ] | EIP=00000013 (00000013)
02909294793i[CPU  ] | CR0=0x00000011 CR1=0 CR2=0x00000000
02909294793i[CPU  ] | CR3=0x00000000 CR4=0x00000000
02909294793i[CPU  ] >> jmp .+0xfffffffe (0x000323d3) : EBFE
02909294793i[CMOS ] Last time is 1480669746 (Fri Dec  2 17:09:06 2016)
02909294793i[XGUI ] Exit.
02909294793i[CTRL ] quit_sim called with exit code 0
